408 20230320 030640 [.]  
409 20230320 030640 [.]  ================================================================================
410 20230320 030640 [.]  ==  STEP 12 (+): Verify if any failed process exist post upgrade
411 20230320 030640 [.]  ==           Full path: /x/eng/bbrtp50/users/aruns7/DEPLOY_PYTHON_6641045_2303160546/test/vsa_sdot_offtap_install/deploy_upgrade.thpl#0-604412 20230320 030640 [.]  ================================================================================
413 20230320 030640 [.] >>dp28-ucs4b7-11#ssh-persist_1| systemctl list-units --state=failed --all;echo __status__=$?414 20230320 030640 [.] <<dp28-ucs4b7-11#ssh-persist_1| < list-units --state=failed --all;echo __status__=$?415 20230320 030640 [.] <<dp28-ucs4b7-11#ssh-persist_1|   UNIT         LOAD   ACTIVE SUB    DESCRIPTION                                416 20230320 030640 [.] <<dp28-ucs4b7-11#ssh-persist_1| * asup.service loaded failed failed AsupService                                417 20230320 030640 [.] <<dp28-ucs4b7-11#ssh-persist_1| 
418 20230320 030640 [.] <<dp28-ucs4b7-11#ssh-persist_1| LOAD   = Reflects whether the unit definition was properly loaded.419 20230320 030640 [.] <<dp28-ucs4b7-11#ssh-persist_1| ACTIVE = The high-level unit activation state, i.e. generalization of SUB.420 20230320 030640 [.] <<dp28-ucs4b7-11#ssh-persist_1| SUB    = The low-level unit activation state, values depend on unit type.421 20230320 030640 [.] <<dp28-ucs4b7-11#ssh-persist_1| 
422 20230320 030640 [.] <<dp28-ucs4b7-11#ssh-persist_1| 1 loaded units listed.423 20230320 030640 [.] <<dp28-ucs4b7-11#ssh-persist_1| To show all installed unit files use 'systemctl list-unit-files'.424 20230320 030640 [.] <<dp28-ucs4b7-11#ssh-persist_1| __status__=0425 20230320 030640 [.] <<dp28-ucs4b7-11#ssh-persist_1| root@dp28-ucs4b7-11:~# 



------------------------------------------------------------------
Mar 20 07:05:58 dp28-ucs4b7-11 systemd[1]: asup.service: Main process exited, code=exited, status=1/FAILURE
Mar 20 07:05:58 dp28-ucs4b7-11 systemd[1]: asup.service: Failed with result 'exit-code'.
Mar 20 07:05:58 dp28-ucs4b7-11 systemd[1]: asup.service: Service RestartSec=100ms expired, scheduling restart.
Mar 20 07:05:58 dp28-ucs4b7-11 systemd[1]: asup.service: Scheduled restart job, restart counter is at 1.
Mar 20 07:05:58 dp28-ucs4b7-11 systemd[1]: Stopped AsupService.
Mar 20 07:05:58 dp28-ucs4b7-11 systemd[1]: Started AsupService.
Mar 20 07:05:58 dp28-ucs4b7-11 python[701]: Traceback (most recent call last):
Mar 20 07:05:58 dp28-ucs4b7-11 python[701]:   File "/opt/netapp/lib/pyenv/bin/AsupService", line 33, in <module>
Mar 20 07:05:58 dp28-ucs4b7-11 python[701]:     sys.exit(load_entry_point('pyAutosupport==1.2.12', 'console_scripts', 'AsupService')())
Mar 20 07:05:58 dp28-ucs4b7-11 python[701]:   File "/opt/netapp/lib/pyenv/bin/AsupService", line 25, in importlib_load_entry_point
Mar 20 07:05:58 dp28-ucs4b7-11 python[701]:     return next(matches).load()
Mar 20 07:05:58 dp28-ucs4b7-11 python[701]: StopIteration
Mar 20 07:05:58 dp28-ucs4b7-11 systemd[1]: asup.service: Main process exited, code=exited, status=1/FAILURE
Mar 20 07:05:58 dp28-ucs4b7-11 systemd[1]: asup.service: Failed with result 'exit-code'.
Mar 20 07:05:58 dp28-ucs4b7-11 systemd[1]: asup.service: Service RestartSec=100ms expired, scheduling restart.
Mar 20 07:05:58 dp28-ucs4b7-11 systemd[1]: asup.service: Scheduled restart job, restart counter is at 2.
Mar 20 07:05:58 dp28-ucs4b7-11 systemd[1]: Stopped AsupService.
Mar 20 07:05:58 dp28-ucs4b7-11 systemd[1]: Started AsupService.
Mar 20 07:05:58 dp28-ucs4b7-11 python[730]: Traceback (most recent call last):
Mar 20 07:05:58 dp28-ucs4b7-11 python[730]:   File "/opt/netapp/lib/pyenv/bin/AsupService", line 33, in <module>
Mar 20 07:05:58 dp28-ucs4b7-11 python[730]:     sys.exit(load_entry_point('pyAutosupport==1.2.12', 'console_scripts', 'AsupService')())
Mar 20 07:05:58 dp28-ucs4b7-11 python[730]:   File "/opt/netapp/lib/pyenv/bin/AsupService", line 25, in importlib_load_entry_point
Mar 20 07:05:58 dp28-ucs4b7-11 python[730]:     return next(matches).load()
Mar 20 07:05:58 dp28-ucs4b7-11 python[730]: StopIteration
Mar 20 07:05:58 dp28-ucs4b7-11 systemd[1]: asup.service: Main process exited, code=exited, status=1/FAILURE
Mar 20 07:05:58 dp28-ucs4b7-11 systemd[1]: asup.service: Failed with result 'exit-code'.
Mar 20 07:05:58 dp28-ucs4b7-11 systemd[1]: asup.service: Service RestartSec=100ms expired, scheduling restart.
Mar 20 07:05:58 dp28-ucs4b7-11 systemd[1]: asup.service: Scheduled restart job, restart counter is at 3.
Mar 20 07:05:58 dp28-ucs4b7-11 systemd[1]: Stopped AsupService.
Mar 20 07:05:58 dp28-ucs4b7-11 systemd[1]: Started AsupService.
Mar 20 07:05:59 dp28-ucs4b7-11 python[763]: Traceback (most recent call last):
Mar 20 07:05:59 dp28-ucs4b7-11 python[763]:   File "/opt/netapp/lib/pyenv/bin/AsupService", line 33, in <module>
Mar 20 07:05:59 dp28-ucs4b7-11 python[763]:     sys.exit(load_entry_point('pyAutosupport==1.2.12', 'console_scripts', 'AsupService')())
Mar 20 07:05:59 dp28-ucs4b7-11 python[763]:   File "/opt/netapp/lib/pyenv/bin/AsupService", line 25, in importlib_load_entry_point
Mar 20 07:05:59 dp28-ucs4b7-11 python[763]:     return next(matches).load()
Mar 20 07:05:59 dp28-ucs4b7-11 python[763]: StopIteration
Mar 20 07:05:59 dp28-ucs4b7-11 systemd[1]: asup.service: Main process exited, code=exited, status=1/FAILURE
Mar 20 07:05:59 dp28-ucs4b7-11 systemd[1]: asup.service: Failed with result 'exit-code'.
Mar 20 07:05:59 dp28-ucs4b7-11 hypnotoad[650]: /bin/cp: cannot create regular file '/opt/netapp/esxadmin/license-file': Permission denied
Mar 20 07:05:59 dp28-ucs4b7-11 mediator[455]: Process 480 started
Mar 20 07:05:59 dp28-ucs4b7-11 systemd[1]: Started LSB: mediator service.
Mar 20 07:05:59 dp28-ucs4b7-11 systemd[1]: asup.service: Service RestartSec=100ms expired, scheduling restart.
Mar 20 07:05:59 dp28-ucs4b7-11 systemd[1]: asup.service: Scheduled restart job, restart counter is at 4.
Mar 20 07:05:59 dp28-ucs4b7-11 systemd[1]: Stopped AsupService.
Mar 20 07:05:59 dp28-ucs4b7-11 systemd[1]: Started AsupService.
Mar 20 07:05:59 dp28-ucs4b7-11 python[794]: Traceback (most recent call last):
Mar 20 07:05:59 dp28-ucs4b7-11 python[794]:   File "/opt/netapp/lib/pyenv/bin/AsupService", line 33, in <module>
Mar 20 07:05:59 dp28-ucs4b7-11 python[794]:     sys.exit(load_entry_point('pyAutosupport==1.2.12', 'console_scripts', 'AsupService')())
Mar 20 07:05:59 dp28-ucs4b7-11 python[794]:   File "/opt/netapp/lib/pyenv/bin/AsupService", line 25, in importlib_load_entry_point
Mar 20 07:05:59 dp28-ucs4b7-11 python[794]:     return next(matches).load()
Mar 20 07:05:59 dp28-ucs4b7-11 python[794]: StopIteration
Mar 20 07:05:59 dp28-ucs4b7-11 systemd[1]: asup.service: Main process exited, code=exited, status=1/FAILURE
Mar 20 07:05:59 dp28-ucs4b7-11 systemd[1]: asup.service: Failed with result 'exit-code'.
Mar 20 07:05:59 dp28-ucs4b7-11 systemd[1]: asup.service: Service RestartSec=100ms expired, scheduling restart.
Mar 20 07:05:59 dp28-ucs4b7-11 systemd[1]: asup.service: Scheduled restart job, restart counter is at 5.
Mar 20 07:05:59 dp28-ucs4b7-11 systemd[1]: Stopped AsupService.
Mar 20 07:05:59 dp28-ucs4b7-11 systemd[1]: asup.service: Start request repeated too quickly.
Mar 20 07:05:59 dp28-ucs4b7-11 systemd[1]: asup.service: Failed with result 'exit-code'.
Mar 20 07:05:59 dp28-ucs4b7-11 systemd[1]: Failed to start AsupService.


------------------------------------------------------------------
Mar 20 07:05:58 dp28-ucs4b7-11 python[649]: Traceback (most recent call last):
Mar 20 07:05:58 dp28-ucs4b7-11 python[649]:   File "/opt/netapp/lib/pyenv/bin/AsupService", line 33, in <module>
Mar 20 07:05:58 dp28-ucs4b7-11 python[649]:     sys.exit(load_entry_point('pyAutosupport==1.2.12', 'console_scripts', 'AsupService')())
Mar 20 07:05:58 dp28-ucs4b7-11 python[649]:   File "/opt/netapp/lib/pyenv/bin/AsupService", line 25, in importlib_load_entry_point
Mar 20 07:05:58 dp28-ucs4b7-11 python[649]:     return next(matches).load()
Mar 20 07:05:58 dp28-ucs4b7-11 python[649]: StopIteration


